<?xml version="1.0" encoding="UTF-8"?>
<!-- Generated by org.testng.reporters.JUnitReportReporter -->
<testsuite hostname="Rams-MacBook-Pro.local" failures="0" tests="1" name="Execution.TestRunner" time="2.709" errors="0" timestamp="23 May 2024 05:57:59 GMT" skipped="0">
  <testcase classname="Execution.TestRunner" name="postCoffeeRequestFromUtitilies" time="2.709"/>
</testsuite> <!-- Execution.TestRunner -->
