<?xml version="1.0" encoding="UTF-8"?>
<!-- Generated by org.testng.reporters.JUnitReportReporter -->
<testsuite hostname="Rams-MacBook-Pro.local" failures="0" tests="1" name="Execution.ObjectMapper" time="2.693" errors="0" timestamp="29 Jul 2024 12:00:32 GMT" skipped="0">
  <testcase classname="Execution.ObjectMapper" name="postRequest" time="2.693"/>
</testsuite> <!-- Execution.ObjectMapper -->
