<?xml version="1.0" encoding="UTF-8"?>
<!-- Generated by org.testng.reporters.JUnitReportReporter -->
<testsuite hostname="Rams-MacBook-Pro.local" failures="0" tests="1" name="Utilities.Practise" time="0.008" errors="0" timestamp="23 May 2024 05:24:26 GMT" skipped="0">
  <testcase classname="Utilities.Practise" name="switchCase" time="0.008"/>
</testsuite> <!-- Utilities.Practise -->
