<?xml version="1.0" encoding="UTF-8"?>
<!-- Generated by org.testng.reporters.JUnitReportReporter -->
<testsuite hostname="Rams-MacBook-Pro.local" failures="0" tests="1" name="Execution.UseMethodsFromUtils" time="2.698" errors="0" timestamp="25 Jul 2024 05:47:21 GMT" skipped="0">
  <testcase classname="Execution.UseMethodsFromUtils" name="postRequest" time="2.698"/>
</testsuite> <!-- Execution.UseMethodsFromUtils -->
